Compiled jquery.js  (22ms)  (pid 9997)
Compiled jquery_ujs.js  (0ms)  (pid 9997)
Compiled posts.js  (538ms)  (pid 9997)
Compiled application.js  (594ms)  (pid 9997)
Compiled posts.css  (36ms)  (pid 9997)
Compiled scaffolds.css  (8ms)  (pid 9997)
Compiled application.css  (50ms)  (pid 9997)
Compiled rails_admin/jquery.colorpicker.js  (0ms)  (pid 9997)
Compiled jquery.iframe-transport.js  (0ms)  (pid 9997)
Compiled jquery.remotipart.js  (5ms)  (pid 9997)
Compiled jquery.effects.core.js  (0ms)  (pid 9997)
Compiled jquery.ui.core.js  (1ms)  (pid 9997)
Compiled jquery.ui.widget.js  (0ms)  (pid 9997)
Compiled jquery.ui.mouse.js  (1ms)  (pid 9997)
Compiled jquery.ui.sortable.js  (37ms)  (pid 9997)
Compiled jquery.ui.position.js  (0ms)  (pid 9997)
Compiled jquery.ui.autocomplete.js  (5ms)  (pid 9997)
Compiled jquery.ui.datepicker.js  (1ms)  (pid 9997)
Compiled rails_admin/jquery.ui.timepicker.js  (0ms)  (pid 9997)
Compiled rails_admin/ra.datetimepicker.js  (0ms)  (pid 9997)
Compiled rails_admin/ra.filter-box.js  (0ms)  (pid 9997)
Compiled rails_admin/ra.filtering-multiselect.js  (0ms)  (pid 9997)
Compiled rails_admin/ra.filtering-select.js  (0ms)  (pid 9997)
Compiled rails_admin/ra.remote-form.js  (0ms)  (pid 9997)
Compiled rails_admin/jquery.pjax.js  (0ms)  (pid 9997)
Compiled jquery_nested_form.js  (0ms)  (pid 9997)
Compiled rails_admin/ra.nested-form-hooks.js  (111ms)  (pid 9997)
Compiled bootstrap-transition.js  (0ms)  (pid 9997)
Compiled bootstrap-alert.js  (0ms)  (pid 9997)
Compiled bootstrap-button.js  (0ms)  (pid 9997)
Compiled bootstrap-carousel.js  (0ms)  (pid 9997)
Compiled bootstrap-collapse.js  (0ms)  (pid 9997)
Compiled bootstrap-dropdown.js  (0ms)  (pid 9997)
Compiled bootstrap-modal.js  (0ms)  (pid 9997)
Compiled bootstrap-scrollspy.js  (0ms)  (pid 9997)
Compiled bootstrap-tab.js  (0ms)  (pid 9997)
Compiled bootstrap-tooltip.js  (0ms)  (pid 9997)
Compiled bootstrap-popover.js  (0ms)  (pid 9997)
Compiled bootstrap-typeahead.js  (0ms)  (pid 9997)
Compiled bootstrap.js  (68ms)  (pid 9997)
Compiled rails_admin/ra.widgets.js  (118ms)  (pid 9997)
Compiled rails_admin/ui.js  (108ms)  (pid 9997)
Compiled rails_admin/themes/default/ui.js  (0ms)  (pid 9997)
Compiled rails_admin/custom/ui.js  (0ms)  (pid 9997)
Compiled rails_admin/rails_admin.js  (574ms)  (pid 9997)
Compiled rails_admin/jquery.colorpicker.css  (20ms)  (pid 9997)
Compiled rails_admin/imports.css  (2606ms)  (pid 9997)
Compiled rails_admin/rails_admin.css  (2645ms)  (pid 9997)
Compiled jquery.js  (20ms)  (pid 9997)
Compiled jquery_ujs.js  (0ms)  (pid 9997)
Compiled posts.js  (103ms)  (pid 9997)
Compiled application.js  (137ms)  (pid 9997)
Compiled posts.css  (30ms)  (pid 9997)
Compiled scaffolds.css  (7ms)  (pid 9997)
Compiled application.css  (43ms)  (pid 9997)
Compiled rails_admin/jquery.colorpicker.js  (0ms)  (pid 9997)
Compiled jquery.iframe-transport.js  (0ms)  (pid 9997)
Compiled jquery.remotipart.js  (6ms)  (pid 9997)
Compiled jquery.effects.core.js  (0ms)  (pid 9997)
Compiled jquery.ui.core.js  (1ms)  (pid 9997)
Compiled jquery.ui.widget.js  (0ms)  (pid 9997)
Compiled jquery.ui.mouse.js  (2ms)  (pid 9997)
Compiled jquery.ui.sortable.js  (53ms)  (pid 9997)
Compiled jquery.ui.position.js  (0ms)  (pid 9997)
Compiled jquery.ui.autocomplete.js  (5ms)  (pid 9997)
Compiled jquery.ui.datepicker.js  (2ms)  (pid 9997)
Compiled rails_admin/jquery.ui.timepicker.js  (0ms)  (pid 9997)
Compiled rails_admin/ra.datetimepicker.js  (0ms)  (pid 9997)
Compiled rails_admin/ra.filter-box.js  (0ms)  (pid 9997)
Compiled rails_admin/ra.filtering-multiselect.js  (0ms)  (pid 9997)
Compiled rails_admin/ra.filtering-select.js  (0ms)  (pid 9997)
Compiled rails_admin/ra.remote-form.js  (0ms)  (pid 9997)
Compiled rails_admin/jquery.pjax.js  (0ms)  (pid 9997)
Compiled jquery_nested_form.js  (0ms)  (pid 9997)
Compiled rails_admin/ra.nested-form-hooks.js  (124ms)  (pid 9997)
Compiled bootstrap-transition.js  (0ms)  (pid 9997)
Compiled bootstrap-alert.js  (0ms)  (pid 9997)
Compiled bootstrap-button.js  (0ms)  (pid 9997)
Compiled bootstrap-carousel.js  (0ms)  (pid 9997)
Compiled bootstrap-collapse.js  (0ms)  (pid 9997)
Compiled bootstrap-dropdown.js  (0ms)  (pid 9997)
Compiled bootstrap-modal.js  (0ms)  (pid 9997)
Compiled bootstrap-scrollspy.js  (0ms)  (pid 9997)
Compiled bootstrap-tab.js  (0ms)  (pid 9997)
Compiled bootstrap-tooltip.js  (0ms)  (pid 9997)
Compiled bootstrap-popover.js  (0ms)  (pid 9997)
Compiled bootstrap-typeahead.js  (0ms)  (pid 9997)
Compiled bootstrap.js  (82ms)  (pid 9997)
Compiled rails_admin/ra.widgets.js  (123ms)  (pid 9997)
Compiled rails_admin/ui.js  (109ms)  (pid 9997)
Compiled rails_admin/themes/default/ui.js  (0ms)  (pid 9997)
Compiled rails_admin/custom/ui.js  (0ms)  (pid 9997)
Compiled rails_admin/rails_admin.js  (609ms)  (pid 9997)
Compiled rails_admin/jquery.colorpicker.css  (20ms)  (pid 9997)
Compiled rails_admin/imports.css  (2483ms)  (pid 9997)
Compiled rails_admin/rails_admin.css  (2490ms)  (pid 9997)
